<?xml version="1.0" encoding="UTF-8" ?>
<testsuites name="vitest tests" tests="48" failures="48" errors="0" time="438.067">
    <testsuite name="tests/new-utils.test.js" timestamp="2026-02-04T01:13:25.859Z" hostname="Seba-Pc" tests="1" failures="1" errors="0" skipped="0" time="0">
        <testcase classname="tests/new-utils.test.js" name="tests/new-utils.test.js" time="0">
            <failure message="No test suite found in file C:/Users/sebam/Desktop/Development/utils/tests/new-utils.test.js" type="Error">
Error: No test suite found in file C:/Users/sebam/Desktop/Development/utils/tests/new-utils.test.js
            </failure>
        </testcase>
    </testsuite>
    <testsuite name="tests/color-utils.test.js" timestamp="2026-02-04T01:13:25.867Z" hostname="Seba-Pc" tests="1" failures="1" errors="0" skipped="0" time="0">
        <testcase classname="tests/color-utils.test.js" name="tests/color-utils.test.js" time="0">
            <failure message="No test suite found in file C:/Users/sebam/Desktop/Development/utils/tests/color-utils.test.js" type="Error">
Error: No test suite found in file C:/Users/sebam/Desktop/Development/utils/tests/color-utils.test.js
            </failure>
        </testcase>
    </testsuite>
    <testsuite name="tests/form-utils.test.js" timestamp="2026-02-04T01:13:25.873Z" hostname="Seba-Pc" tests="1" failures="1" errors="0" skipped="0" time="0">
        <testcase classname="tests/form-utils.test.js" name="tests/form-utils.test.js" time="0">
            <failure message="No test suite found in file C:/Users/sebam/Desktop/Development/utils/tests/form-utils.test.js" type="Error">
Error: No test suite found in file C:/Users/sebam/Desktop/Development/utils/tests/form-utils.test.js
            </failure>
        </testcase>
    </testsuite>
    <testsuite name="tests/streaming-helper.test.js" timestamp="2026-02-04T01:13:25.881Z" hostname="Seba-Pc" tests="1" failures="1" errors="0" skipped="0" time="0">
        <testcase classname="tests/streaming-helper.test.js" name="tests/streaming-helper.test.js" time="0">
            <failure message="No test suite found in file C:/Users/sebam/Desktop/Development/utils/tests/streaming-helper.test.js" type="Error">
Error: No test suite found in file C:/Users/sebam/Desktop/Development/utils/tests/streaming-helper.test.js
            </failure>
        </testcase>
    </testsuite>
    <testsuite name="tests/array-utils.test.js" timestamp="2026-02-04T01:13:25.887Z" hostname="Seba-Pc" tests="1" failures="1" errors="0" skipped="0" time="0">
        <testcase classname="tests/array-utils.test.js" name="tests/array-utils.test.js" time="0">
            <failure message="No test suite found in file C:/Users/sebam/Desktop/Development/utils/tests/array-utils.test.js" type="Error">
Error: No test suite found in file C:/Users/sebam/Desktop/Development/utils/tests/array-utils.test.js
            </failure>
        </testcase>
    </testsuite>
    <testsuite name="tests/number-utils.test.js" timestamp="2026-02-04T01:13:25.894Z" hostname="Seba-Pc" tests="1" failures="1" errors="0" skipped="0" time="0">
        <testcase classname="tests/number-utils.test.js" name="tests/number-utils.test.js" time="0">
            <failure message="No test suite found in file C:/Users/sebam/Desktop/Development/utils/tests/number-utils.test.js" type="Error">
Error: No test suite found in file C:/Users/sebam/Desktop/Development/utils/tests/number-utils.test.js
            </failure>
        </testcase>
    </testsuite>
    <testsuite name="tests/websocket-helper.test.js" timestamp="2026-02-04T01:13:25.902Z" hostname="Seba-Pc" tests="1" failures="1" errors="0" skipped="0" time="0">
        <testcase classname="tests/websocket-helper.test.js" name="tests/websocket-helper.test.js" time="0">
            <failure message="No test suite found in file C:/Users/sebam/Desktop/Development/utils/tests/websocket-helper.test.js" type="Error">
Error: No test suite found in file C:/Users/sebam/Desktop/Development/utils/tests/websocket-helper.test.js
            </failure>
        </testcase>
    </testsuite>
    <testsuite name="tests/api-client.test.js" timestamp="2026-02-04T01:13:25.909Z" hostname="Seba-Pc" tests="1" failures="1" errors="0" skipped="0" time="0">
        <testcase classname="tests/api-client.test.js" name="tests/api-client.test.js" time="0">
            <failure message="No test suite found in file C:/Users/sebam/Desktop/Development/utils/tests/api-client.test.js" type="Error">
Error: No test suite found in file C:/Users/sebam/Desktop/Development/utils/tests/api-client.test.js
            </failure>
        </testcase>
    </testsuite>
    <testsuite name="tests/crypto-utils.test.js" timestamp="2026-02-04T01:13:25.915Z" hostname="Seba-Pc" tests="1" failures="1" errors="0" skipped="0" time="0">
        <testcase classname="tests/crypto-utils.test.js" name="tests/crypto-utils.test.js" time="0">
            <failure message="No test suite found in file C:/Users/sebam/Desktop/Development/utils/tests/crypto-utils.test.js" type="Error">
Error: No test suite found in file C:/Users/sebam/Desktop/Development/utils/tests/crypto-utils.test.js
            </failure>
        </testcase>
    </testsuite>
    <testsuite name="tests/pagination-helper.test.js" timestamp="2026-02-04T01:13:25.922Z" hostname="Seba-Pc" tests="1" failures="1" errors="0" skipped="0" time="0">
        <testcase classname="tests/pagination-helper.test.js" name="tests/pagination-helper.test.js" time="0">
            <failure message="No test suite found in file C:/Users/sebam/Desktop/Development/utils/tests/pagination-helper.test.js" type="Error">
Error: No test suite found in file C:/Users/sebam/Desktop/Development/utils/tests/pagination-helper.test.js
            </failure>
        </testcase>
    </testsuite>
    <testsuite name="tests/response-validator.test.js" timestamp="2026-02-04T01:13:25.928Z" hostname="Seba-Pc" tests="1" failures="1" errors="0" skipped="0" time="0">
        <testcase classname="tests/response-validator.test.js" name="tests/response-validator.test.js" time="0">
            <failure message="No test suite found in file C:/Users/sebam/Desktop/Development/utils/tests/response-validator.test.js" type="Error">
Error: No test suite found in file C:/Users/sebam/Desktop/Development/utils/tests/response-validator.test.js
            </failure>
        </testcase>
    </testsuite>
    <testsuite name="tests/error-boundary.test.js" timestamp="2026-02-04T01:13:25.933Z" hostname="Seba-Pc" tests="1" failures="1" errors="0" skipped="0" time="0">
        <testcase classname="tests/error-boundary.test.js" name="tests/error-boundary.test.js" time="0">
            <failure message="No test suite found in file C:/Users/sebam/Desktop/Development/utils/tests/error-boundary.test.js" type="Error">
Error: No test suite found in file C:/Users/sebam/Desktop/Development/utils/tests/error-boundary.test.js
            </failure>
        </testcase>
    </testsuite>
    <testsuite name="tests/batch-request.test.js" timestamp="2026-02-04T01:13:25.938Z" hostname="Seba-Pc" tests="1" failures="1" errors="0" skipped="0" time="0">
        <testcase classname="tests/batch-request.test.js" name="tests/batch-request.test.js" time="0">
            <failure message="No test suite found in file C:/Users/sebam/Desktop/Development/utils/tests/batch-request.test.js" type="Error">
Error: No test suite found in file C:/Users/sebam/Desktop/Development/utils/tests/batch-request.test.js
            </failure>
        </testcase>
    </testsuite>
    <testsuite name="tests/string-utils-case-conversion.test.js" timestamp="2026-02-04T01:13:25.944Z" hostname="Seba-Pc" tests="1" failures="1" errors="0" skipped="0" time="0">
        <testcase classname="tests/string-utils-case-conversion.test.js" name="tests/string-utils-case-conversion.test.js" time="0">
            <failure message="No test suite found in file C:/Users/sebam/Desktop/Development/utils/tests/string-utils-case-conversion.test.js" type="Error">
Error: No test suite found in file C:/Users/sebam/Desktop/Development/utils/tests/string-utils-case-conversion.test.js
            </failure>
        </testcase>
    </testsuite>
    <testsuite name="tests/time-utils.test.js" timestamp="2026-02-04T01:13:25.949Z" hostname="Seba-Pc" tests="1" failures="1" errors="0" skipped="0" time="0">
        <testcase classname="tests/time-utils.test.js" name="tests/time-utils.test.js" time="0">
            <failure message="No test suite found in file C:/Users/sebam/Desktop/Development/utils/tests/time-utils.test.js" type="Error">
Error: No test suite found in file C:/Users/sebam/Desktop/Development/utils/tests/time-utils.test.js
            </failure>
        </testcase>
    </testsuite>
    <testsuite name="tests/object-utils.test.js" timestamp="2026-02-04T01:13:25.955Z" hostname="Seba-Pc" tests="1" failures="1" errors="0" skipped="0" time="0">
        <testcase classname="tests/object-utils.test.js" name="tests/object-utils.test.js" time="0">
            <failure message="No test suite found in file C:/Users/sebam/Desktop/Development/utils/tests/object-utils.test.js" type="Error">
Error: No test suite found in file C:/Users/sebam/Desktop/Development/utils/tests/object-utils.test.js
            </failure>
        </testcase>
    </testsuite>
    <testsuite name="tests/cache-manager.test.js" timestamp="2026-02-04T01:13:25.960Z" hostname="Seba-Pc" tests="1" failures="1" errors="0" skipped="0" time="0">
        <testcase classname="tests/cache-manager.test.js" name="tests/cache-manager.test.js" time="0">
            <failure message="No test suite found in file C:/Users/sebam/Desktop/Development/utils/tests/cache-manager.test.js" type="Error">
Error: No test suite found in file C:/Users/sebam/Desktop/Development/utils/tests/cache-manager.test.js
            </failure>
        </testcase>
    </testsuite>
    <testsuite name="tests/time-utils-coverage.test.js" timestamp="2026-02-04T01:13:25.967Z" hostname="Seba-Pc" tests="1" failures="1" errors="0" skipped="0" time="0">
        <testcase classname="tests/time-utils-coverage.test.js" name="tests/time-utils-coverage.test.js" time="0">
            <failure message="No test suite found in file C:/Users/sebam/Desktop/Development/utils/tests/time-utils-coverage.test.js" type="Error">
Error: No test suite found in file C:/Users/sebam/Desktop/Development/utils/tests/time-utils-coverage.test.js
            </failure>
        </testcase>
    </testsuite>
    <testsuite name="tests/url-builder.test.js" timestamp="2026-02-04T01:13:25.972Z" hostname="Seba-Pc" tests="1" failures="1" errors="0" skipped="0" time="0">
        <testcase classname="tests/url-builder.test.js" name="tests/url-builder.test.js" time="0">
            <failure message="No test suite found in file C:/Users/sebam/Desktop/Development/utils/tests/url-builder.test.js" type="Error">
Error: No test suite found in file C:/Users/sebam/Desktop/Development/utils/tests/url-builder.test.js
            </failure>
        </testcase>
    </testsuite>
    <testsuite name="tests/file-upload.test.js" timestamp="2026-02-04T01:13:25.978Z" hostname="Seba-Pc" tests="1" failures="1" errors="0" skipped="0" time="0">
        <testcase classname="tests/file-upload.test.js" name="tests/file-upload.test.js" time="0">
            <failure message="No test suite found in file C:/Users/sebam/Desktop/Development/utils/tests/file-upload.test.js" type="Error">
Error: No test suite found in file C:/Users/sebam/Desktop/Development/utils/tests/file-upload.test.js
            </failure>
        </testcase>
    </testsuite>
    <testsuite name="tests/api-client-headers.test.js" timestamp="2026-02-04T01:13:25.983Z" hostname="Seba-Pc" tests="1" failures="1" errors="0" skipped="0" time="0">
        <testcase classname="tests/api-client-headers.test.js" name="tests/api-client-headers.test.js" time="0">
            <failure message="No test suite found in file C:/Users/sebam/Desktop/Development/utils/tests/api-client-headers.test.js" type="Error">
Error: No test suite found in file C:/Users/sebam/Desktop/Development/utils/tests/api-client-headers.test.js
            </failure>
        </testcase>
    </testsuite>
    <testsuite name="tests/request-deduplicator.test.js" timestamp="2026-02-04T01:13:25.988Z" hostname="Seba-Pc" tests="1" failures="1" errors="0" skipped="0" time="0">
        <testcase classname="tests/request-deduplicator.test.js" name="tests/request-deduplicator.test.js" time="0">
            <failure message="No test suite found in file C:/Users/sebam/Desktop/Development/utils/tests/request-deduplicator.test.js" type="Error">
Error: No test suite found in file C:/Users/sebam/Desktop/Development/utils/tests/request-deduplicator.test.js
            </failure>
        </testcase>
    </testsuite>
    <testsuite name="tests/compression-utils.test.js" timestamp="2026-02-04T01:13:25.992Z" hostname="Seba-Pc" tests="1" failures="1" errors="0" skipped="0" time="0">
        <testcase classname="tests/compression-utils.test.js" name="tests/compression-utils.test.js" time="0">
            <failure message="No test suite found in file C:/Users/sebam/Desktop/Development/utils/tests/compression-utils.test.js" type="Error">
Error: No test suite found in file C:/Users/sebam/Desktop/Development/utils/tests/compression-utils.test.js
            </failure>
        </testcase>
    </testsuite>
    <testsuite name="tests/event-emitter.test.js" timestamp="2026-02-04T01:13:25.998Z" hostname="Seba-Pc" tests="1" failures="1" errors="0" skipped="0" time="0">
        <testcase classname="tests/event-emitter.test.js" name="tests/event-emitter.test.js" time="0">
            <failure message="No test suite found in file C:/Users/sebam/Desktop/Development/utils/tests/event-emitter.test.js" type="Error">
Error: No test suite found in file C:/Users/sebam/Desktop/Development/utils/tests/event-emitter.test.js
            </failure>
        </testcase>
    </testsuite>
    <testsuite name="tests/request-cache.test.js" timestamp="2026-02-04T01:13:26.003Z" hostname="Seba-Pc" tests="1" failures="1" errors="0" skipped="0" time="0">
        <testcase classname="tests/request-cache.test.js" name="tests/request-cache.test.js" time="0">
            <failure message="No test suite found in file C:/Users/sebam/Desktop/Development/utils/tests/request-cache.test.js" type="Error">
Error: No test suite found in file C:/Users/sebam/Desktop/Development/utils/tests/request-cache.test.js
            </failure>
        </testcase>
    </testsuite>
    <testsuite name="tests/http-status-helper.test.js" timestamp="2026-02-04T01:13:26.009Z" hostname="Seba-Pc" tests="1" failures="1" errors="0" skipped="0" time="0">
        <testcase classname="tests/http-status-helper.test.js" name="tests/http-status-helper.test.js" time="0">
            <failure message="No test suite found in file C:/Users/sebam/Desktop/Development/utils/tests/http-status-helper.test.js" type="Error">
Error: No test suite found in file C:/Users/sebam/Desktop/Development/utils/tests/http-status-helper.test.js
            </failure>
        </testcase>
    </testsuite>
    <testsuite name="tests/logger.test.js" timestamp="2026-02-04T01:13:26.014Z" hostname="Seba-Pc" tests="1" failures="1" errors="0" skipped="0" time="0">
        <testcase classname="tests/logger.test.js" name="tests/logger.test.js" time="0">
            <failure message="No test suite found in file C:/Users/sebam/Desktop/Development/utils/tests/logger.test.js" type="Error">
Error: No test suite found in file C:/Users/sebam/Desktop/Development/utils/tests/logger.test.js
            </failure>
        </testcase>
    </testsuite>
    <testsuite name="tests/diff-utils.test.js" timestamp="2026-02-04T01:13:26.019Z" hostname="Seba-Pc" tests="1" failures="1" errors="0" skipped="0" time="0">
        <testcase classname="tests/diff-utils.test.js" name="tests/diff-utils.test.js" time="0">
            <failure message="No test suite found in file C:/Users/sebam/Desktop/Development/utils/tests/diff-utils.test.js" type="Error">
Error: No test suite found in file C:/Users/sebam/Desktop/Development/utils/tests/diff-utils.test.js
            </failure>
        </testcase>
    </testsuite>
    <testsuite name="tests/api-client-coverage.test.js" timestamp="2026-02-04T01:13:26.024Z" hostname="Seba-Pc" tests="1" failures="1" errors="0" skipped="0" time="0">
        <testcase classname="tests/api-client-coverage.test.js" name="tests/api-client-coverage.test.js" time="0">
            <failure message="No test suite found in file C:/Users/sebam/Desktop/Development/utils/tests/api-client-coverage.test.js" type="Error">
Error: No test suite found in file C:/Users/sebam/Desktop/Development/utils/tests/api-client-coverage.test.js
            </failure>
        </testcase>
    </testsuite>
    <testsuite name="tests/signal.test.js" timestamp="2026-02-04T01:13:26.029Z" hostname="Seba-Pc" tests="1" failures="1" errors="0" skipped="0" time="0">
        <testcase classname="tests/signal.test.js" name="tests/signal.test.js" time="0">
            <failure message="No test suite found in file C:/Users/sebam/Desktop/Development/utils/tests/signal.test.js" type="Error">
Error: No test suite found in file C:/Users/sebam/Desktop/Development/utils/tests/signal.test.js
            </failure>
        </testcase>
    </testsuite>
    <testsuite name="tests/object-utils-coverage.test.js" timestamp="2026-02-04T01:13:26.034Z" hostname="Seba-Pc" tests="1" failures="1" errors="0" skipped="0" time="0">
        <testcase classname="tests/object-utils-coverage.test.js" name="tests/object-utils-coverage.test.js" time="0">
            <failure message="No test suite found in file C:/Users/sebam/Desktop/Development/utils/tests/object-utils-coverage.test.js" type="Error">
Error: No test suite found in file C:/Users/sebam/Desktop/Development/utils/tests/object-utils-coverage.test.js
            </failure>
        </testcase>
    </testsuite>
    <testsuite name="tests/rate-limiter.test.js" timestamp="2026-02-04T01:13:26.039Z" hostname="Seba-Pc" tests="1" failures="1" errors="0" skipped="0" time="0">
        <testcase classname="tests/rate-limiter.test.js" name="tests/rate-limiter.test.js" time="0">
            <failure message="No test suite found in file C:/Users/sebam/Desktop/Development/utils/tests/rate-limiter.test.js" type="Error">
Error: No test suite found in file C:/Users/sebam/Desktop/Development/utils/tests/rate-limiter.test.js
            </failure>
        </testcase>
    </testsuite>
    <testsuite name="tests/string-utils-coverage.test.js" timestamp="2026-02-04T01:13:26.044Z" hostname="Seba-Pc" tests="1" failures="1" errors="0" skipped="0" time="0">
        <testcase classname="tests/string-utils-coverage.test.js" name="tests/string-utils-coverage.test.js" time="0">
            <failure message="No test suite found in file C:/Users/sebam/Desktop/Development/utils/tests/string-utils-coverage.test.js" type="Error">
Error: No test suite found in file C:/Users/sebam/Desktop/Development/utils/tests/string-utils-coverage.test.js
            </failure>
        </testcase>
    </testsuite>
    <testsuite name="tests/validator.test.js" timestamp="2026-02-04T01:13:26.049Z" hostname="Seba-Pc" tests="1" failures="1" errors="0" skipped="0" time="0">
        <testcase classname="tests/validator.test.js" name="tests/validator.test.js" time="0">
            <failure message="No test suite found in file C:/Users/sebam/Desktop/Development/utils/tests/validator.test.js" type="Error">
Error: No test suite found in file C:/Users/sebam/Desktop/Development/utils/tests/validator.test.js
            </failure>
        </testcase>
    </testsuite>
    <testsuite name="tests/validator-coverage.test.js" timestamp="2026-02-04T01:13:26.055Z" hostname="Seba-Pc" tests="1" failures="1" errors="0" skipped="0" time="0">
        <testcase classname="tests/validator-coverage.test.js" name="tests/validator-coverage.test.js" time="0">
            <failure message="No test suite found in file C:/Users/sebam/Desktop/Development/utils/tests/validator-coverage.test.js" type="Error">
Error: No test suite found in file C:/Users/sebam/Desktop/Development/utils/tests/validator-coverage.test.js
            </failure>
        </testcase>
    </testsuite>
    <testsuite name="tests/polling-helper.test.js" timestamp="2026-02-04T01:13:26.060Z" hostname="Seba-Pc" tests="1" failures="1" errors="0" skipped="0" time="0">
        <testcase classname="tests/polling-helper.test.js" name="tests/polling-helper.test.js" time="0">
            <failure message="No test suite found in file C:/Users/sebam/Desktop/Development/utils/tests/polling-helper.test.js" type="Error">
Error: No test suite found in file C:/Users/sebam/Desktop/Development/utils/tests/polling-helper.test.js
            </failure>
        </testcase>
    </testsuite>
    <testsuite name="tests/number-utils-coverage.test.js" timestamp="2026-02-04T01:13:26.064Z" hostname="Seba-Pc" tests="1" failures="1" errors="0" skipped="0" time="0">
        <testcase classname="tests/number-utils-coverage.test.js" name="tests/number-utils-coverage.test.js" time="0">
            <failure message="No test suite found in file C:/Users/sebam/Desktop/Development/utils/tests/number-utils-coverage.test.js" type="Error">
Error: No test suite found in file C:/Users/sebam/Desktop/Development/utils/tests/number-utils-coverage.test.js
            </failure>
        </testcase>
    </testsuite>
    <testsuite name="tests/debug.test.js" timestamp="2026-02-04T01:13:26.070Z" hostname="Seba-Pc" tests="1" failures="1" errors="0" skipped="0" time="0">
        <testcase classname="tests/debug.test.js" name="tests/debug.test.js" time="0">
            <failure message="No test suite found in file C:/Users/sebam/Desktop/Development/utils/tests/debug.test.js" type="Error">
Error: No test suite found in file C:/Users/sebam/Desktop/Development/utils/tests/debug.test.js
            </failure>
        </testcase>
    </testsuite>
    <testsuite name="tests/date-utils-coverage.test.js" timestamp="2026-02-04T01:13:26.075Z" hostname="Seba-Pc" tests="1" failures="1" errors="0" skipped="0" time="0">
        <testcase classname="tests/date-utils-coverage.test.js" name="tests/date-utils-coverage.test.js" time="0">
            <failure message="No test suite found in file C:/Users/sebam/Desktop/Development/utils/tests/date-utils-coverage.test.js" type="Error">
Error: No test suite found in file C:/Users/sebam/Desktop/Development/utils/tests/date-utils-coverage.test.js
            </failure>
        </testcase>
    </testsuite>
    <testsuite name="tests/url-builder-coverage.test.js" timestamp="2026-02-04T01:13:26.080Z" hostname="Seba-Pc" tests="1" failures="1" errors="0" skipped="0" time="0">
        <testcase classname="tests/url-builder-coverage.test.js" name="tests/url-builder-coverage.test.js" time="0">
            <failure message="No test suite found in file C:/Users/sebam/Desktop/Development/utils/tests/url-builder-coverage.test.js" type="Error">
Error: No test suite found in file C:/Users/sebam/Desktop/Development/utils/tests/url-builder-coverage.test.js
            </failure>
        </testcase>
    </testsuite>
    <testsuite name="tests/cli.test.js" timestamp="2026-02-04T01:13:26.085Z" hostname="Seba-Pc" tests="1" failures="1" errors="0" skipped="0" time="0">
        <testcase classname="tests/cli.test.js" name="tests/cli.test.js" time="0">
            <failure message="No test suite found in file C:/Users/sebam/Desktop/Development/utils/tests/cli.test.js" type="Error">
Error: No test suite found in file C:/Users/sebam/Desktop/Development/utils/tests/cli.test.js
            </failure>
        </testcase>
    </testsuite>
    <testsuite name="tests/retry-policy.test.js" timestamp="2026-02-04T01:13:26.091Z" hostname="Seba-Pc" tests="1" failures="1" errors="0" skipped="0" time="0">
        <testcase classname="tests/retry-policy.test.js" name="tests/retry-policy.test.js" time="0">
            <failure message="No test suite found in file C:/Users/sebam/Desktop/Development/utils/tests/retry-policy.test.js" type="Error">
Error: No test suite found in file C:/Users/sebam/Desktop/Development/utils/tests/retry-policy.test.js
            </failure>
        </testcase>
    </testsuite>
    <testsuite name="tests/storage-manager.test.js" timestamp="2026-02-04T01:13:26.096Z" hostname="Seba-Pc" tests="1" failures="1" errors="0" skipped="0" time="0">
        <testcase classname="tests/storage-manager.test.js" name="tests/storage-manager.test.js" time="0">
            <failure message="No test suite found in file C:/Users/sebam/Desktop/Development/utils/tests/storage-manager.test.js" type="Error">
Error: No test suite found in file C:/Users/sebam/Desktop/Development/utils/tests/storage-manager.test.js
            </failure>
        </testcase>
    </testsuite>
    <testsuite name="tests/date-utils.test.js" timestamp="2026-02-04T01:13:26.101Z" hostname="Seba-Pc" tests="1" failures="1" errors="0" skipped="0" time="0">
        <testcase classname="tests/date-utils.test.js" name="tests/date-utils.test.js" time="0">
            <failure message="No test suite found in file C:/Users/sebam/Desktop/Development/utils/tests/date-utils.test.js" type="Error">
Error: No test suite found in file C:/Users/sebam/Desktop/Development/utils/tests/date-utils.test.js
            </failure>
        </testcase>
    </testsuite>
    <testsuite name="tests/string-utils.test.js" timestamp="2026-02-04T01:13:26.107Z" hostname="Seba-Pc" tests="1" failures="1" errors="0" skipped="0" time="0">
        <testcase classname="tests/string-utils.test.js" name="tests/string-utils.test.js" time="0">
            <failure message="No test suite found in file C:/Users/sebam/Desktop/Development/utils/tests/string-utils.test.js" type="Error">
Error: No test suite found in file C:/Users/sebam/Desktop/Development/utils/tests/string-utils.test.js
            </failure>
        </testcase>
    </testsuite>
    <testsuite name="tests/type-generator.test.js" timestamp="2026-02-04T01:13:26.112Z" hostname="Seba-Pc" tests="1" failures="1" errors="0" skipped="0" time="0">
        <testcase classname="tests/type-generator.test.js" name="tests/type-generator.test.js" time="0">
            <system-out>

📡 Fetching GET https://api.example.com/user...

            </system-out>
            <failure message="No test suite found in file C:/Users/sebam/Desktop/Development/utils/tests/type-generator.test.js" type="Error">
Error: No test suite found in file C:/Users/sebam/Desktop/Development/utils/tests/type-generator.test.js
            </failure>
        </testcase>
    </testsuite>
    <testsuite name="tests/env-manager.test.js" timestamp="2026-02-04T01:13:26.121Z" hostname="Seba-Pc" tests="1" failures="1" errors="0" skipped="0" time="0">
        <testcase classname="tests/env-manager.test.js" name="tests/env-manager.test.js" time="0">
            <failure message="No test suite found in file C:/Users/sebam/Desktop/Development/utils/tests/env-manager.test.js" type="Error">
Error: No test suite found in file C:/Users/sebam/Desktop/Development/utils/tests/env-manager.test.js
            </failure>
        </testcase>
    </testsuite>
    <testsuite name="tests/profiler.test.js" timestamp="2026-02-04T01:13:26.127Z" hostname="Seba-Pc" tests="1" failures="1" errors="0" skipped="0" time="0">
        <testcase classname="tests/profiler.test.js" name="tests/profiler.test.js" time="0">
            <failure message="No test suite found in file C:/Users/sebam/Desktop/Development/utils/tests/profiler.test.js" type="Error">
Error: No test suite found in file C:/Users/sebam/Desktop/Development/utils/tests/profiler.test.js
            </failure>
        </testcase>
    </testsuite>
</testsuites>
